<?xml version="1.0" encoding="UTF-8"?>
<testng-results skipped="0" failed="0" total="1" passed="1">
  <reporter-output>
  </reporter-output>
  <suite name="Surefire suite" duration-ms="52" started-at="2018-03-20T13:08:34Z" finished-at="2018-03-20T13:08:34Z">
    <groups>
    </groups>
    <test name="Surefire test" duration-ms="52" started-at="2018-03-20T13:08:34Z" finished-at="2018-03-20T13:08:34Z">
      <class name="teste.erbd.AppTest">
        <test-method status="PASS" signature="testApp()[pri:0, instance:testApp(teste.erbd.AppTest)]" name="testApp" duration-ms="4" started-at="2018-03-20T10:08:34Z" finished-at="2018-03-20T10:08:34Z">
          <reporter-output>
          </reporter-output>
        </test-method> <!-- testApp -->
      </class> <!-- teste.erbd.AppTest -->
    </test> <!-- Surefire test -->
  </suite> <!-- Surefire suite -->
</testng-results>
